<?xml version="1.0" encoding="UTF-8"?>
<!-- Generated by org.testng.reporters.JUnitReportReporter -->
<testsuite hostname="mindc1d271" failures="0" tests="1" name="com.mindtree.testcases.SearchTest" time="5.331" errors="0" timestamp="2022-06-01T20:15:11 IST" skipped="0">
  <testcase classname="com.mindtree.testcases.SearchTest" name="Search" time="5.331"/>
  <system-out/>
</testsuite> <!-- com.mindtree.testcases.SearchTest -->
